[2023-02-20T17:48:36.863+0000] {taskinstance.py:1083} INFO - Dependencies all met for <TaskInstance: ifgoiano_site_dag.move_dataset manual__2023-02-20T17:48:28.841324+00:00 [queued]>
[2023-02-20T17:48:36.946+0000] {taskinstance.py:1083} INFO - Dependencies all met for <TaskInstance: ifgoiano_site_dag.move_dataset manual__2023-02-20T17:48:28.841324+00:00 [queued]>
[2023-02-20T17:48:36.946+0000] {taskinstance.py:1279} INFO - 
--------------------------------------------------------------------------------
[2023-02-20T17:48:36.948+0000] {taskinstance.py:1280} INFO - Starting attempt 1 of 6
[2023-02-20T17:48:36.950+0000] {taskinstance.py:1281} INFO - 
--------------------------------------------------------------------------------
[2023-02-20T17:48:37.012+0000] {taskinstance.py:1300} INFO - Executing <Task(PythonOperator): move_dataset> on 2023-02-20 17:48:28.841324+00:00
[2023-02-20T17:48:37.058+0000] {standard_task_runner.py:55} INFO - Started process 8423 to run task
[2023-02-20T17:48:37.119+0000] {standard_task_runner.py:82} INFO - Running: ['***', 'tasks', 'run', 'ifgoiano_site_dag', 'move_dataset', 'manual__2023-02-20T17:48:28.841324+00:00', '--job-id', '12', '--raw', '--subdir', 'DAGS_FOLDER/ifgoiano_site_dag.py', '--cfg-path', '/tmp/tmpnx1yypqe']
[2023-02-20T17:48:37.172+0000] {standard_task_runner.py:83} INFO - Job 12: Subtask move_dataset
[2023-02-20T17:48:37.714+0000] {task_command.py:388} INFO - Running <TaskInstance: ifgoiano_site_dag.move_dataset manual__2023-02-20T17:48:28.841324+00:00 [running]> on host f5b6b7502b7e
[2023-02-20T17:48:38.013+0000] {taskinstance.py:1509} INFO - Exporting the following env vars:
AIRFLOW_CTX_DAG_OWNER=Rafael
AIRFLOW_CTX_DAG_ID=ifgoiano_site_dag
AIRFLOW_CTX_TASK_ID=move_dataset
AIRFLOW_CTX_EXECUTION_DATE=2023-02-20T17:48:28.841324+00:00
AIRFLOW_CTX_TRY_NUMBER=1
AIRFLOW_CTX_DAG_RUN_ID=manual__2023-02-20T17:48:28.841324+00:00
[2023-02-20T17:48:38.050+0000] {python.py:177} INFO - Done. Returned value was: None
[2023-02-20T17:48:38.098+0000] {taskinstance.py:1323} INFO - Marking task as SUCCESS. dag_id=ifgoiano_site_dag, task_id=move_dataset, execution_date=20230220T174828, start_date=20230220T174836, end_date=20230220T174838
[2023-02-20T17:48:38.182+0000] {local_task_job.py:208} INFO - Task exited with return code 0
[2023-02-20T17:48:38.243+0000] {taskinstance.py:2578} INFO - 0 downstream tasks scheduled from follow-on schedule check
