[2023-02-20T15:16:51.624+0000] {taskinstance.py:1083} INFO - Dependencies all met for <TaskInstance: ifgoiano_site_dag.get_data manual__2023-02-20T15:16:48.222877+00:00 [queued]>
[2023-02-20T15:16:51.647+0000] {taskinstance.py:1083} INFO - Dependencies all met for <TaskInstance: ifgoiano_site_dag.get_data manual__2023-02-20T15:16:48.222877+00:00 [queued]>
[2023-02-20T15:16:51.649+0000] {taskinstance.py:1279} INFO - 
--------------------------------------------------------------------------------
[2023-02-20T15:16:51.650+0000] {taskinstance.py:1280} INFO - Starting attempt 1 of 6
[2023-02-20T15:16:51.651+0000] {taskinstance.py:1281} INFO - 
--------------------------------------------------------------------------------
[2023-02-20T15:16:51.691+0000] {taskinstance.py:1300} INFO - Executing <Task(PythonOperator): get_data> on 2023-02-20 15:16:48.222877+00:00
[2023-02-20T15:16:51.749+0000] {standard_task_runner.py:55} INFO - Started process 712 to run task
[2023-02-20T15:16:51.760+0000] {standard_task_runner.py:82} INFO - Running: ['***', 'tasks', 'run', 'ifgoiano_site_dag', 'get_data', 'manual__2023-02-20T15:16:48.222877+00:00', '--job-id', '5', '--raw', '--subdir', 'DAGS_FOLDER/ifgoiano_site_dag.py', '--cfg-path', '/tmp/tmpsvfju6it']
[2023-02-20T15:16:51.774+0000] {standard_task_runner.py:83} INFO - Job 5: Subtask get_data
[2023-02-20T15:16:52.133+0000] {task_command.py:388} INFO - Running <TaskInstance: ifgoiano_site_dag.get_data manual__2023-02-20T15:16:48.222877+00:00 [running]> on host f5b6b7502b7e
[2023-02-20T15:16:52.552+0000] {taskinstance.py:1509} INFO - Exporting the following env vars:
AIRFLOW_CTX_DAG_OWNER=Rafael
AIRFLOW_CTX_DAG_ID=ifgoiano_site_dag
AIRFLOW_CTX_TASK_ID=get_data
AIRFLOW_CTX_EXECUTION_DATE=2023-02-20T15:16:48.222877+00:00
AIRFLOW_CTX_TRY_NUMBER=1
AIRFLOW_CTX_DAG_RUN_ID=manual__2023-02-20T15:16:48.222877+00:00
[2023-02-20T15:16:52.555+0000] {logging_mixin.py:137} INFO - Dir: /opt/***/dags
[2023-02-20T15:16:52.556+0000] {python.py:177} INFO - Done. Returned value was: None
[2023-02-20T15:16:52.576+0000] {taskinstance.py:1323} INFO - Marking task as SUCCESS. dag_id=ifgoiano_site_dag, task_id=get_data, execution_date=20230220T151648, start_date=20230220T151651, end_date=20230220T151652
[2023-02-20T15:16:52.684+0000] {local_task_job.py:208} INFO - Task exited with return code 0
[2023-02-20T15:16:52.742+0000] {taskinstance.py:2578} INFO - 0 downstream tasks scheduled from follow-on schedule check
