[2023-02-21T12:27:48.095+0000] {taskinstance.py:1083} INFO - Dependencies all met for <TaskInstance: ifgoiano_site_dag.get_data manual__2023-02-21T12:27:26.092308+00:00 [queued]>
[2023-02-21T12:27:48.288+0000] {taskinstance.py:1083} INFO - Dependencies all met for <TaskInstance: ifgoiano_site_dag.get_data manual__2023-02-21T12:27:26.092308+00:00 [queued]>
[2023-02-21T12:27:48.288+0000] {taskinstance.py:1279} INFO - 
--------------------------------------------------------------------------------
[2023-02-21T12:27:48.292+0000] {taskinstance.py:1280} INFO - Starting attempt 1 of 6
[2023-02-21T12:27:48.294+0000] {taskinstance.py:1281} INFO - 
--------------------------------------------------------------------------------
[2023-02-21T12:27:48.484+0000] {taskinstance.py:1300} INFO - Executing <Task(PythonOperator): get_data> on 2023-02-21 12:27:26.092308+00:00
[2023-02-21T12:27:48.513+0000] {standard_task_runner.py:55} INFO - Started process 1777 to run task
[2023-02-21T12:27:48.744+0000] {standard_task_runner.py:82} INFO - Running: ['***', 'tasks', 'run', 'ifgoiano_site_dag', 'get_data', 'manual__2023-02-21T12:27:26.092308+00:00', '--job-id', '31', '--raw', '--subdir', 'DAGS_FOLDER/ifgoiano_site_dag.py', '--cfg-path', '/tmp/tmp8q4uf5x9']
[2023-02-21T12:27:48.754+0000] {standard_task_runner.py:83} INFO - Job 31: Subtask get_data
[2023-02-21T12:27:50.585+0000] {task_command.py:388} INFO - Running <TaskInstance: ifgoiano_site_dag.get_data manual__2023-02-21T12:27:26.092308+00:00 [running]> on host c3d004856851
[2023-02-21T12:27:52.335+0000] {taskinstance.py:1509} INFO - Exporting the following env vars:
AIRFLOW_CTX_DAG_OWNER=Rafael
AIRFLOW_CTX_DAG_ID=ifgoiano_site_dag
AIRFLOW_CTX_TASK_ID=get_data
AIRFLOW_CTX_EXECUTION_DATE=2023-02-21T12:27:26.092308+00:00
AIRFLOW_CTX_TRY_NUMBER=1
AIRFLOW_CTX_DAG_RUN_ID=manual__2023-02-21T12:27:26.092308+00:00
[2023-02-21T12:27:52.399+0000] {logging_mixin.py:137} INFO - ----- Bot is running -----
[2023-02-21T12:28:44.543+0000] {logging_mixin.py:137} INFO - (1) - Retificado resultado preliminar para cursos superiores
[2023-02-21T12:29:28.064+0000] {logging_mixin.py:137} INFO - (2) - Divulgado edital para seleção de bolsistas do curso de Pedagogia EAD
[2023-02-21T12:30:07.575+0000] {logging_mixin.py:137} INFO - (3) - Divulgado edital IF Mais Empreendedor
